#
# There is insufficient memory for the Java Runtime Environment to continue.
# Native memory allocation (malloc) failed to allocate 1048576 bytes for AllocateHeap
# Possible reasons:
#   The system is out of physical RAM or swap space
#   The process is running with CompressedOops enabled, and the Java Heap may be blocking the growth of the native heap
# Possible solutions:
#   Reduce memory load on the system
#   Increase physical memory or swap space
#   Check if swap backing store is full
#   Decrease Java heap size (-Xmx/-Xms)
#   Decrease number of Java threads
#   Decrease Java thread stack sizes (-Xss)
#   Set larger code cache with -XX:ReservedCodeCacheSize=
#   JVM is running with Unscaled Compressed Oops mode in which the Java heap is
#     placed in the first 4GB address space. The Java Heap base address is the
#     maximum limit for the native heap growth. Please use -XX:HeapBaseMinAddress
#     to set the Java Heap base and to place the Java Heap above 4GB virtual address.
# This output file may be truncated or incomplete.
#
#  Out of Memory Error (memory/allocation.inline.hpp:61), pid=21168, tid=0x0000000000000f7c
#
# JRE version:  (8.0_212-b04) (build )
# Java VM: OpenJDK 64-Bit Server VM (25.212-b4 mixed mode windows-amd64 compressed oops)
# Failed to write core dump. Minidumps are not enabled by default on client versions of Windows
#

---------------  T H R E A D  ---------------

Current thread (0x00000000022ce000):  JavaThread "Unknown thread" [_thread_in_vm, id=3964, stack(0x00000000022d0000,0x00000000023d0000)]

Stack: [0x00000000022d0000,0x00000000023d0000]
[error occurred during error reporting (printing stack bounds), id 0xc0000005]

Native frames: (J=compiled Java code, j=interpreted, Vv=VM code, C=native code)


---------------  P R O C E S S  ---------------

Java Threads: ( => current thread )

Other Threads:

=>0x00000000022ce000 (exited) JavaThread "Unknown thread" [_thread_in_vm, id=3964, stack(0x00000000022d0000,0x00000000023d0000)]

VM state:not at safepoint (normal execution)

VM Mutex/Monitor currently owned by a thread: None

heap address: 0x00000000c1000000, size: 1008 MB, Compressed Oops mode: 32-bit
Narrow klass base: 0x0000000000000000, Narrow klass shift: 3
Compressed class space size: 1073741824 Address: 0x0000000100000000

Heap:
 PSYoungGen      total 18944K, used 327K [0x00000000eb000000, 0x00000000ec500000, 0x0000000100000000)
  eden space 16384K, 2% used [0x00000000eb000000,0x00000000eb051ec8,0x00000000ec000000)
  from space 2560K, 0% used [0x00000000ec280000,0x00000000ec280000,0x00000000ec500000)
  to   space 2560K, 0% used [0x00000000ec000000,0x00000000ec000000,0x00000000ec280000)
 ParOldGen       total 44032K, used 0K [0x00000000c1000000, 0x00000000c3b00000, 0x00000000eb000000)
  object space 44032K, 0% used [0x00000000c1000000,0x00000000c1000000,0x00000000c3b00000)
 Metaspace       used 777K, capacity 4480K, committed 4480K, reserved 1056768K
  class space    used 74K, capacity 384K, committed 384K, reserved 1048576K

Card table byte_map: [0x0000000011890000,0x0000000011a90000] byte_map_base: 0x0000000011288000

Marking Bits: (ParMarkBitMap*) 0x000000005b199f30
 Begin Bits: [0x0000000011fe0000, 0x0000000012fa0000)
 End Bits:   [0x0000000012fa0000, 0x0000000013f60000)

Polling page: 0x0000000000460000

CodeCache: size=245760Kb used=328Kb max_used=328Kb free=245431Kb
 bounds [0x00000000024d0000, 0x0000000002740000, 0x00000000114d0000]
 total_blobs=57 nmethods=0 adapters=38
 compilation: enabled

Compilation events (0 events):
No events

GC Heap History (0 events):
No events

Deoptimization events (0 events):
No events

Classes redefined (0 events):
No events

Internal exceptions (0 events):
No events

Events (10 events):
Event: 0.358 loading class java/lang/Short
Event: 0.359 loading class java/lang/Short done
Event: 0.359 loading class java/lang/Integer
Event: 0.359 loading class java/lang/Integer done
Event: 0.359 loading class java/lang/Long
Event: 0.360 loading class java/lang/Long done
Event: 0.362 loading class java/lang/NullPointerException
Event: 0.362 loading class java/lang/NullPointerException done
Event: 0.362 loading class java/lang/ArithmeticException
Event: 0.362 loading class java/lang/ArithmeticException done


Dynamic libraries:
0x00007ff67b810000 - 0x00007ff67b841000 	D:\Jetbrains\IntelliJ IDEA update 2019.1.3\jre64\bin\java.exe
0x00007ffbff340000 - 0x00007ffbff530000 	C:\WINDOWS\SYSTEM32\ntdll.dll
0x00007ffbfed80000 - 0x00007ffbfee32000 	C:\WINDOWS\System32\KERNEL32.DLL
0x00007ffbfc640000 - 0x00007ffbfc8e3000 	C:\WINDOWS\System32\KERNELBASE.dll
0x00007ffbfeb60000 - 0x00007ffbfec03000 	C:\WINDOWS\System32\ADVAPI32.dll
0x00007ffbfdf80000 - 0x00007ffbfe01e000 	C:\WINDOWS\System32\msvcrt.dll
0x00007ffbfece0000 - 0x00007ffbfed77000 	C:\WINDOWS\System32\sechost.dll
0x00007ffbfe620000 - 0x00007ffbfe740000 	C:\WINDOWS\System32\RPCRT4.dll
0x00007ffbfe9c0000 - 0x00007ffbfeb53000 	C:\WINDOWS\System32\USER32.dll
0x00007ffbfc9a0000 - 0x00007ffbfc9c1000 	C:\WINDOWS\System32\win32u.dll
0x00007ffbfdd50000 - 0x00007ffbfdd76000 	C:\WINDOWS\System32\GDI32.dll
0x00007ffbfc400000 - 0x00007ffbfc594000 	C:\WINDOWS\System32\gdi32full.dll
0x00007ffbfc5a0000 - 0x00007ffbfc63e000 	C:\WINDOWS\System32\msvcp_win.dll
0x00007ffbfc300000 - 0x00007ffbfc3fa000 	C:\WINDOWS\System32\ucrtbase.dll
0x00007ffbfb730000 - 0x00007ffbfb9b5000 	C:\WINDOWS\WinSxS\amd64_microsoft.windows.common-controls_6595b64144ccf1df_6.0.18362.239_none_e6c7aebd130c7608\COMCTL32.dll
0x00007ffbfe280000 - 0x00007ffbfe5b6000 	C:\WINDOWS\System32\combase.dll
0x00007ffbfc920000 - 0x00007ffbfc9a0000 	C:\WINDOWS\System32\bcryptPrimitives.dll
0x00007ffbff2b0000 - 0x00007ffbff2de000 	C:\WINDOWS\System32\IMM32.DLL
0x0000000059e80000 - 0x0000000059f52000 	D:\Jetbrains\IntelliJ IDEA update 2019.1.3\jre64\bin\msvcr100.dll
0x000000005a9d0000 - 0x000000005b216000 	D:\Jetbrains\IntelliJ IDEA update 2019.1.3\jre64\bin\server\jvm.dll
0x00007ffbff2e0000 - 0x00007ffbff2e8000 	C:\WINDOWS\System32\PSAPI.DLL
0x00007ffbf6240000 - 0x00007ffbf6249000 	C:\WINDOWS\SYSTEM32\WSOCK32.dll
0x00007ffbfe7f0000 - 0x00007ffbfe85f000 	C:\WINDOWS\System32\WS2_32.dll
0x00007ffbf9950000 - 0x00007ffbf995a000 	C:\WINDOWS\SYSTEM32\VERSION.dll
0x00007ffbf3ef0000 - 0x00007ffbf3f14000 	C:\WINDOWS\SYSTEM32\WINMM.dll
0x00007ffbf3ec0000 - 0x00007ffbf3eed000 	C:\WINDOWS\SYSTEM32\WINMMBASE.dll
0x00007ffbfc9d0000 - 0x00007ffbfca1a000 	C:\WINDOWS\System32\cfgmgr32.dll
0x00007ffbf4b10000 - 0x00007ffbf4b1f000 	D:\Jetbrains\IntelliJ IDEA update 2019.1.3\jre64\bin\verify.dll
0x00007ffbd34b0000 - 0x00007ffbd34d9000 	D:\Jetbrains\IntelliJ IDEA update 2019.1.3\jre64\bin\java.dll
0x00007ffbf3cc0000 - 0x00007ffbf3cd6000 	D:\Jetbrains\IntelliJ IDEA update 2019.1.3\jre64\bin\zip.dll

VM Arguments:
java_command: org.jetbrains.git4idea.http.GitAskPassApp Password for 'https://Muemasn@bitbucket.org': 
java_class_path (initial): D:/Jetbrains/IntelliJ IDEA update 2019.1.3/plugins/git4idea/lib/git4idea-rt.jar;D:/Jetbrains/IntelliJ IDEA update 2019.1.3/lib/xmlrpc-2.0.1.jar;D:/Jetbrains/IntelliJ IDEA update 2019.1.3/lib/commons-codec-1.10.jar;D:/Jetbrains/IntelliJ IDEA update 2019.1.3/lib/util.jar
Launcher Type: SUN_STANDARD

Environment Variables:
PATH=C:/Program Files/Git/mingw64/libexec/git-core;C:/Program Files/Git/mingw64/libexec/git-core;C:\Program Files\Git\mingw64\bin;C:\Program Files\Git\usr\bin;C:\Users\admin\bin;D:\Jetbrains\IntelliJ IDEA update 2019.1.3\jre64\\bin;D:\Jetbrains\IntelliJ IDEA update 2019.1.3\jre64\\bin\server;C:\Program Files (x86)\Common Files\Oracle\Java\javapath;C:\WINDOWS\system32;C:\WINDOWS;C:\WINDOWS\System32\Wbem;C:\WINDOWS\System32\WindowsPowerShell\v1.0\;C:\WINDOWS\System32\OpenSSH\;C:\Program Files\Git\cmd;C:\Users\admin\AppData\Local\Programs\Python\Python37;C:\Users\admin\AppData\Local\Programs\Python\Python37\Scripts;C:\xampp\php;C:\ProgramData\ComposerSetup\bin;C:\Program Files (x86)\CodeBlocks\MinGW\bin\;C:\Program Files\nodejs\;C:\Program Files\Java\jdk1.8.0_211\bin\;C:\Program Files\swipl\bin;C:\Users\admin\AppData\Local\Microsoft\WindowsApps;C:\Program Files\JetBrains\PyCharm 2019.1.3\bin;;C:\Users\admin\AppData\Local\atom\bin;C:\Users\admin\AppData\Local\Microsoft\WindowsApps;C:\Users\admin\AppData\Roaming\Composer\vendor\bin;C:\Users\admin\AppData\Local\Programs\Microsoft VS Code\bin;C:\Users\admin\AppData\Roaming\npm;C:\Program Files\JetBrains\DataGrip 2019.1.4\bin;
USERNAME=admin
DISPLAY=:0.0
OS=Windows_NT
PROCESSOR_IDENTIFIER=Intel64 Family 6 Model 69 Stepping 1, GenuineIntel



---------------  S Y S T E M  ---------------

OS: Windows 10.0 , 64 bit Build 18362 (10.0.18362.86)

CPU:total 4 (initial active 4) (2 cores per cpu, 2 threads per core) family 6 model 69 stepping 1, cmov, cx8, fxsr, mmx, sse, sse2, sse3, ssse3, sse4.1, sse4.2, popcnt, avx, avx2, aes, clmul, erms, lzcnt, ht, tsc, tscinvbit, bmi1, bmi2

Memory: 4k page, physical 4121708k(178652k free), swap 12768360k(7888k free)

vm_info: OpenJDK 64-Bit Server VM (25.212-b4) for windows-amd64 JRE (1.8.0_212-release-1586-b4), built on Jun 10 2019 06:32:05 by "builduser" with MS VC++ 10.0 (VS2010)

time: Sat Aug 10 17:28:17 2019
timezone: E. Africa Standard Time
elapsed time: 0 seconds (0d 0h 0m 0s)

